<?xml version="1.0" encoding="UTF-8"?>
<robot generator="Robot 3.1.1 (Python 3.5.2 on linux)" generated="20190316 17:47:12.361" rpa="false">
<suite id="s1" source="/home/shrawan/PycharmProjects/AWSQuizz/Testcases/login.robot" name="Login">
<test id="s1-t1" name="Login">
<kw library="login_keyword" name="login">
<arguments>
<arg>${signup_email_value}</arg>
<arg>${signup_password_value}</arg>
</arguments>
<kw library="Selenium2Library" name="Open Browser">
<doc>Opens a new browser instance to the given ``url``.</doc>
<arguments>
<arg>${URL}</arg>
<arg>${BROWSER}</arg>
</arguments>
<msg level="INFO" timestamp="20190316 17:47:12.482">Opening browser 'headless firefox' to base url 'http://18.234.7.15/'.</msg>
<status status="PASS" endtime="20190316 17:47:17.241" starttime="20190316 17:47:12.482"></status>
</kw>
<kw library="Selenium2Library" name="Maximize Browser Window">
<doc>Maximizes current browser window.</doc>
<status status="PASS" endtime="20190316 17:47:17.248" starttime="20190316 17:47:17.242"></status>
</kw>
<kw library="Selenium2Library" name="Title Should Be">
<doc>Verifies that current page title equals ``title``.</doc>
<arguments>
<arg>AWSQuizFE</arg>
</arguments>
<msg level="INFO" timestamp="20190316 17:47:17.250">Page title is 'AWSQuizFE'.</msg>
<status status="PASS" endtime="20190316 17:47:17.251" starttime="20190316 17:47:17.248"></status>
</kw>
<kw library="Selenium2Library" name="Get Title">
<doc>Returns the title of current page.</doc>
<assign>
<var>${text1}</var>
</assign>
<msg level="INFO" timestamp="20190316 17:47:17.253">${text1} = AWSQuizFE</msg>
<status status="PASS" endtime="20190316 17:47:17.253" starttime="20190316 17:47:17.251"></status>
</kw>
<kw library="BuiltIn" name="Log To Console">
<doc>Logs the given message to the console.</doc>
<arguments>
<arg>The title of the page is: ${text1}</arg>
</arguments>
<status status="PASS" endtime="20190316 17:47:17.254" starttime="20190316 17:47:17.253"></status>
</kw>
<kw library="Selenium2Library" name="Input Text">
<doc>Types the given ``text`` into text field identified by ``locator``.</doc>
<arguments>
<arg>${Email_element}</arg>
<arg>${signup_email_value}</arg>
</arguments>
<msg level="INFO" timestamp="20190316 17:47:17.254">Typing text 'phuyal@pokemail.net' into text field '//input[@id='inputEmail']'.</msg>
<status status="PASS" endtime="20190316 17:47:17.316" starttime="20190316 17:47:17.254"></status>
</kw>
<kw library="Selenium2Library" name="Input Text">
<doc>Types the given ``text`` into text field identified by ``locator``.</doc>
<arguments>
<arg>${Password_element}</arg>
<arg>${signup_password_value}</arg>
</arguments>
<msg level="INFO" timestamp="20190316 17:47:17.317">Typing text 'Password+123' into text field '//input[@id='inputPassword']'.</msg>
<status status="PASS" endtime="20190316 17:47:17.365" starttime="20190316 17:47:17.316"></status>
</kw>
<kw library="Selenium2Library" name="Click Element">
<doc>Click element identified by ``locator``.</doc>
<arguments>
<arg>${sign_in}</arg>
</arguments>
<msg level="INFO" timestamp="20190316 17:47:17.366">Clicking element '//button[contains(text(),'Sign in')]'.</msg>
<status status="PASS" endtime="20190316 17:47:17.599" starttime="20190316 17:47:17.366"></status>
</kw>
<kw library="BuiltIn" name="Sleep">
<doc>Pauses the test executed for the given time.</doc>
<arguments>
<arg>5s</arg>
</arguments>
<msg level="INFO" timestamp="20190316 17:47:22.601">Slept 5 seconds</msg>
<status status="PASS" endtime="20190316 17:47:22.602" starttime="20190316 17:47:17.600"></status>
</kw>
<status status="PASS" endtime="20190316 17:47:22.603" starttime="20190316 17:47:12.481"></status>
</kw>
<status status="PASS" endtime="20190316 17:47:22.605" starttime="20190316 17:47:12.481" critical="yes"></status>
</test>
<test id="s1-t2" name="Dashboard validate">
<kw library="login_keyword" name="login dashboard">
<kw library="Selenium2Library" name="Get Text">
<doc>Returns the text value of element identified by ``locator``.</doc>
<arguments>
<arg>//span[contains(text(),'Dashboard')]</arg>
</arguments>
<assign>
<var>${textw}</var>
</assign>
<msg level="INFO" timestamp="20190316 17:47:22.665">${textw} = Dashboard</msg>
<status status="PASS" endtime="20190316 17:47:22.665" starttime="20190316 17:47:22.615"></status>
</kw>
<kw library="BuiltIn" name="Log To Console">
<doc>Logs the given message to the console.</doc>
<arguments>
<arg>The page contains: ${textw}</arg>
</arguments>
<status status="PASS" endtime="20190316 17:47:22.665" starttime="20190316 17:47:22.665"></status>
</kw>
<status status="PASS" endtime="20190316 17:47:22.666" starttime="20190316 17:47:22.613"></status>
</kw>
<status status="PASS" endtime="20190316 17:47:22.666" starttime="20190316 17:47:22.610" critical="yes"></status>
</test>
<kw library="Selenium2Library" name="Close All Browsers" type="teardown">
<doc>Closes all open browsers and resets the browser cache.</doc>
<status status="PASS" endtime="20190316 17:47:23.262" starttime="20190316 17:47:22.667"></status>
</kw>
<status status="PASS" endtime="20190316 17:47:23.263" starttime="20190316 17:47:12.362"></status>
</suite>
<statistics>
<total>
<stat fail="0" pass="2">Critical Tests</stat>
<stat fail="0" pass="2">All Tests</stat>
</total>
<tag>
</tag>
<suite>
<stat fail="0" id="s1" name="Login" pass="2">Login</stat>
</suite>
</statistics>
<errors>
</errors>
</robot>
